\BOOKMARK [1][-]{section.1}{Introduction}{}% 1
\BOOKMARK [1][-]{section.2}{Related Work}{}% 2
\BOOKMARK [2][-]{subsection.2.1}{Classical Algorithms}{section.2}% 3
\BOOKMARK [2][-]{subsection.2.2}{Search Space Reduction}{section.2}% 4
\BOOKMARK [1][-]{section.3}{Methodology}{}% 5
\BOOKMARK [2][-]{subsection.3.1}{Adaptive Corridor Framework}{section.3}% 6
\BOOKMARK [3][-]{subsubsection.3.1.1}{Corridor Definition}{subsection.3.1}% 7
\BOOKMARK [3][-]{subsubsection.3.1.2}{Adaptive Radius Function}{subsection.3.1}% 8
\BOOKMARK [3][-]{subsubsection.3.1.3}{Local Density Estimation}{subsection.3.1}% 9
\BOOKMARK [2][-]{subsection.3.2}{Algorithm Integration}{section.3}% 10
\BOOKMARK [1][-]{section.4}{Experimental Setup}{}% 11
\BOOKMARK [2][-]{subsection.4.1}{Dataset Generation}{section.4}% 12
\BOOKMARK [1][-]{section.5}{Results}{}% 13
\BOOKMARK [2][-]{subsection.5.1}{Overall Performance}{section.5}% 14
\BOOKMARK [2][-]{subsection.5.2}{Performance Heatmaps}{section.5}% 15
\BOOKMARK [2][-]{subsection.5.3}{Statistical Analysis}{section.5}% 16
\BOOKMARK [3][-]{subsubsection.5.3.1}{Significance Testing}{subsection.5.3}% 17
\BOOKMARK [3][-]{subsubsection.5.3.2}{Effect Sizes}{subsection.5.3}% 18
\BOOKMARK [2][-]{subsection.5.4}{Algorithm-Specific Analysis}{section.5}% 19
\BOOKMARK [2][-]{subsection.5.5}{Corridor Efficiency Analysis}{section.5}% 20
\BOOKMARK [2][-]{subsection.5.6}{Path Quality Analysis}{section.5}% 21
\BOOKMARK [1][-]{section.6}{Discussion}{}% 22
\BOOKMARK [2][-]{subsection.6.1}{Performance Analysis}{section.6}% 23
\BOOKMARK [3][-]{subsubsection.6.1.1}{Scalability Benefits}{subsection.6.1}% 24
\BOOKMARK [3][-]{subsubsection.6.1.2}{Density Adaptation}{subsection.6.1}% 25
\BOOKMARK [2][-]{subsection.6.2}{Comparison with State-of-the-Art}{section.6}% 26
\BOOKMARK [1][-]{section.7}{Limitations}{}% 27
\BOOKMARK [2][-]{subsection.7.1}{Environmental Constraints}{section.7}% 28
\BOOKMARK [2][-]{subsection.7.2}{Computational Overhead}{section.7}% 29
\BOOKMARK [2][-]{subsection.7.3}{Parameter Sensitivity}{section.7}% 30
\BOOKMARK [1][-]{section.8}{Future Work}{}% 31
\BOOKMARK [1][-]{section.9}{Conclusion}{}% 32
\BOOKMARK [1][-]{section*.15}{References}{}% 33
